** Starting Mongrel listening at 0.0.0.0:3001
** Starting Rails with production environment...
** Rails loaded.
** Loading any Rails specific GemPlugins
** Signals ready.  INT => stop (no restart).
** Mongrel 1.1.5 available at 0.0.0.0:3001
** Use CTRL-C to stop.
** INT signal received.
** Starting Mongrel listening at 0.0.0.0:3001
** Starting Rails with production environment...
** Rails loaded.
** Loading any Rails specific GemPlugins
** Signals ready.  INT => stop (no restart).
** Mongrel 1.1.5 available at 0.0.0.0:3001
** Use CTRL-C to stop.
** INT signal received.
** Starting Mongrel listening at 0.0.0.0:3001
** Starting Rails with production environment...
** Rails loaded.
** Loading any Rails specific GemPlugins
** Signals ready.  INT => stop (no re** Rails loaded.
** Loading any Rails specific GemPlugins
** Signals ready.!!! The bundled mysql.rb driver has been removed from Rails 2.2. Please install the mysql gem and!!! The bundled mysql.rb driver ** INT signal received.
ls 2.2. Please install the mysql gem and try again: gem install mysql.
!!! The bundled mysql.rb driver has been removed from Rails 2.2. Please install the mysql gem and try again: gem install mysql.
** INT signal received.
ning at 0.0.0.0:3001
** Starting Rails with production environment...
** Starting Mongrel listening at 0.0.0.0:3002
** Starting Rails with production environment...
** Rails loaded.
** Loading any Rails specific GemPlugins
** Signals ready.!!! The bundled mysql.rb driver has been removed from Rails 2.2. Please install the mysql gem and** INT signal received.
ysql.
** INT signal received.
** Starting Mongrel listening at 0.0.0.0:3001
** Starting Rails with production environment...
** Rails loaded.
** Loading any Rails specific GemPlugins
** Signals ready.  INT => stop (no re** Rails loaded.
** Loading any Rails specific GemPlugins
** Signals ready.** INT signal received.
).
** Mongrel 1.1.5 available at 0.0.0.0:3002
** Use CTRL-C to stop.
** INT signal received.
ning at 0.0.0.0:3001
** Starting Rails with production environment...
** Rails loaded.
** Loading any Rails specific GemPlugins
** Signals ready.  INT => stop (no re** Rails loaded.
** Loading any Rails specific GemPlugins
** Signals ready.** INT signal received.
).
** Mongrel 1.1.5 available at 0.0.0.0:3002
** Use CTRL-C to stop.
** INT signal received.
ning at 0.0.0.0:3001
** Starting Rails with production environment...
** Rails loaded.
** Loading any Rails specific GemPlugins
** Signals ready.  INT => stop (no re** Rails loaded.
** Loading any Rails specific GemPlugins
** Signals ready.** INT signal received.
).
** Mongrel 1.1.5 available at 0.0.0.0:3002
** Use CTRL-C to stop.
** INT signal received.
ning at 0.0.0.0:3001
** Starting Rails with production environment...
** Rails loaded.
** Loading any Rails specific GemPlugins
** Signals ready.  INT => stop (no re** Rails loaded.
** Loading any Rails specific GemPlugins
** Signals ready.** INT signal received.
).
** Mongrel 1.1.5 available at 0.0.0.0:3002
** Use CTRL-C to stop.
** INT signal received.
** Starting Mongrel listening at 0.0.0.0:3002
** Starting Rails with production environment...
** Rails loaded.
** Loading any Rails specific GemPlugins
** Signals ready.  INT => stop (no restart).
** Mongrel 1.1.5 available at 0.0.0.0:3001
** Use CTRL-C to stop.
